<?xml version="1.0" encoding="UTF-8"?>
<testsuite name="edu.jsu.mcis.ArgumentParserTest" tests="3" skipped="0" failures="0" errors="0" timestamp="2015-03-04T07:32:26" hostname="Yi-PC" time="0.005">
  <properties/>
  <testcase name="testAddArgumentValue" classname="edu.jsu.mcis.ArgumentParserTest" time="0.001"/>
  <testcase name="testAddArgument" classname="edu.jsu.mcis.ArgumentParserTest" time="0.0"/>
  <testcase name="testMissingArgumentValue" classname="edu.jsu.mcis.ArgumentParserTest" time="0.003"/>
  <system-out><![CDATA[]]></system-out>
  <system-err><![CDATA[]]></system-err>
</testsuite>
